<?xml version="1.0" encoding="UTF-8"?><testsuite errors="1" failures="0" name="Login de usuario en Booking.com" skipped="0" tests="1" time="16.9" timestamp="2021-08-23 07:03:21"><testcase name="Login Exitoso"><error message="Cannot locate an element using xpath=//span[contains(string(), 'Bartolo Martinez')][@id='profile-menu-trigger--title']&#10;For documentation on this error, please visit: https://www.seleniumhq.org/exceptions/no_such_element.html&#10;Build info: version: '3.141.59', revision: 'e82be7d358', time: '2018-11-14T08:17:03'&#10;System info: host: 'DESKTOP-APQJM7F', ip: '192.168.1.6', os.name: 'Windows 10', os.arch: 'amd64', os.version: '10.0', java.version: '1.8.0_292'&#10;Driver info: driver.version: RemoteWebDriver" type="java.lang.AssertionError">Cannot locate an element using xpath=//span[contains(string(), 'Bartolo Martinez')][@id='profile-menu-trigger--title']
For documentation on this error, please visit: https://www.seleniumhq.org/exceptions/no_such_element.html
Build info: version: '3.141.59', revision: 'e82be7d358', time: '2018-11-14T08:17:03'
System info: host: 'DESKTOP-APQJM7F', ip: '192.168.1.6', os.name: 'Windows 10', os.arch: 'amd64', os.version: '10.0', java.version: '1.8.0_292'
Driver info: driver.version: RemoteWebDriver</error><system-err>Cannot locate an element using xpath=//span[contains(string(), 'Bartolo Martinez')][@id='profile-menu-trigger--title']
For documentation on this error, please visit: https://www.seleniumhq.org/exceptions/no_such_element.html
Build info: version: '3.141.59', revision: 'e82be7d358', time: '2018-11-14T08:17:03'
System info: host: 'DESKTOP-APQJM7F', ip: '192.168.1.6', os.name: 'Windows 10', os.arch: 'amd64', os.version: '10.0', java.version: '1.8.0_292'
Driver info: driver.version: RemoteWebDriver&#13;
stepdefinitions.login.LoginStepDefinitions.deberaVerSuNombreEnElLogin(LoginStepDefinitions.java:49)&#13;
✽.Debera ver su nombre en el login(src/test/resources/features/login.feature:8)&#13;
</system-err></testcase></testsuite>