<?xml version="1.0" encoding="UTF-8"?><testsuite errors="1" failures="0" name="Reserva de vuelo en booking.com" skipped="0" tests="1" time="6.46" timestamp="2021-08-23 12:22:23"><testcase name="Reserva de vuelo"><error message="No such field models.DatosVuelo.nombre" type="cucumber.runtime.CucumberException">No such field models.DatosVuelo.nombre</error><system-err>No such field models.DatosVuelo.nombre&#13;
cucumber.runner.Runner.runPickle(Runner.java:80)&#13;
</system-err></testcase></testsuite>